<?xml version="1.0" encoding="UTF-8"?>
<!-- Generated by org.testng.reporters.JUnitXMLReporter -->
<testsuite hostname="DESKTOP-76KCCNQ" failures="0" tests="4" name="Test" time="0.407" errors="0" timestamp="30 Sep 2021 18:34:00 GMT">
  <testcase classname="com.finovera.scripts.TestLoginPage" name="@BeforeClass openBrowser" time="0.0">
    <failure type="java.lang.IllegalStateException" message="The path to the driver executable The path to the driver executable must be set by the webdriver.chrome.driver system property; for more information, see https://github.com/SeleniumHQ/selenium/wiki/ChromeDriver. The latest version can be downloaded from https://chromedriver.storage.googleapis.com/index.html">
      <![CDATA[java.lang.IllegalStateException: The path to the driver executable The path to the driver executable must be set by the webdriver.chrome.driver system property; for more information, see https://github.com/SeleniumHQ/selenium/wiki/ChromeDriver. The latest version can be downloaded from https://chromedriver.storage.googleapis.com/index.html
	at org.openqa.selenium.internal.Require$StateChecker.nonNull(Require.java:280)
	at org.openqa.selenium.remote.service.DriverService.findExecutable(DriverService.java:132)
	at org.openqa.selenium.chrome.ChromeDriverService.access$000(ChromeDriverService.java:39)
	at org.openqa.selenium.chrome.ChromeDriverService$Builder.findDefaultExecutable(ChromeDriverService.java:233)
	at org.openqa.selenium.remote.service.DriverService$Builder.build(DriverService.java:434)
	at org.openqa.selenium.chrome.ChromeDriverService.createDefaultService(ChromeDriverService.java:129)
	at org.openqa.selenium.chrome.ChromeDriver.<init>(ChromeDriver.java:41)
	at com.finovera.generics.BaseTest.openBrowser(BaseTest.java:33)
... Removed 25 stack frames]]>
    </failure>
  </testcase> <!-- @BeforeClass openBrowser -->
  <testcase classname="com.finovera.scripts.TestLoginPage" name="@BeforeMethod openApp" time="0.0">
    <skipped/>
  </testcase> <!-- @BeforeMethod openApp -->
  <testcase classname="com.finovera.scripts.TestLoginPage" name="@BeforeMethod openApp" time="0.0">
    <skipped/>
  </testcase> <!-- @BeforeMethod openApp -->
  <testcase classname="com.finovera.scripts.TestLoginPage" name="@BeforeMethod openApp" time="0.0">
    <skipped/>
  </testcase> <!-- @BeforeMethod openApp -->
  <testcase classname="com.finovera.scripts.TestLoginPage" name="@BeforeMethod openApp" time="0.0">
    <skipped/>
  </testcase> <!-- @BeforeMethod openApp -->
  <testcase classname="com.finovera.scripts.TestLoginPage" name="test_InvalidLoginPage" time="0.0">
    <skipped/>
  </testcase> <!-- test_InvalidLoginPage -->
  <testcase classname="com.finovera.scripts.TestLoginPage" name="test_InvalidLoginPage" time="0.0">
    <skipped/>
  </testcase> <!-- test_InvalidLoginPage -->
  <testcase classname="com.finovera.scripts.TestLoginPage" name="test_InvalidLoginPage" time="0.0">
    <skipped/>
  </testcase> <!-- test_InvalidLoginPage -->
  <testcase classname="com.finovera.scripts.TestLoginPage" name="test_ValidLoginPage" time="0.0">
    <skipped/>
  </testcase> <!-- test_ValidLoginPage -->
</testsuite> <!-- Test -->
