<?xml version="1.0" encoding="UTF-8"?>
<!-- Generated by org.testng.reporters.JUnitXMLReporter -->
<testsuite hostname="DESKTOP-76KCCNQ" failures="0" tests="4" name="Default test" time="0.265" errors="0" timestamp="30 Sep 2021 18:29:50 GMT">
  <testcase classname="com.finovera.scripts.TestLoginPage" name="@BeforeClass openBrowser" time="0.0">
    <failure type="org.testng.TestNGException" message="
Parameter &amp;apos;sBrowser&amp;apos; is required by @Configuration on method openBrowser but has not been marked @Optional or defined
in C:\Users\DELL\AppData\Local\Temp\testng-eclipse-2009724094\testng-customsuite.xml">
      <![CDATA[org.testng.TestNGException: 
Parameter 'sBrowser' is required by @Configuration on method openBrowser but has not been marked @Optional or defined
in C:\Users\DELL\AppData\Local\Temp\testng-eclipse-2009724094\testng-customsuite.xml
	at org.testng.internal.Parameters.createParameters(Parameters.java:156)
	at org.testng.internal.Parameters.createParameters(Parameters.java:363)
	at org.testng.internal.Parameters.createConfigurationParameters(Parameters.java:86)
	at org.testng.internal.Invoker.invokeConfigurations(Invoker.java:202)
	at org.testng.internal.Invoker.invokeConfigurations(Invoker.java:143)
	at org.testng.internal.TestMethodWorker.invokeBeforeClassMethods(TestMethodWorker.java:169)
	at org.testng.internal.TestMethodWorker.run(TestMethodWorker.java:108)
	at org.testng.TestRunner.privateRun(TestRunner.java:746)
	at org.testng.TestRunner.run(TestRunner.java:600)
	at org.testng.SuiteRunner.runTest(SuiteRunner.java:366)
	at org.testng.SuiteRunner.runSequentially(SuiteRunner.java:361)
	at org.testng.SuiteRunner.privateRun(SuiteRunner.java:319)
	at org.testng.SuiteRunner.run(SuiteRunner.java:268)
	at org.testng.SuiteRunnerWorker.runSuite(SuiteRunnerWorker.java:52)
	at org.testng.SuiteRunnerWorker.run(SuiteRunnerWorker.java:86)
	at org.testng.TestNG.runSuitesSequentially(TestNG.java:1264)
	at org.testng.TestNG.runSuitesLocally(TestNG.java:1189)
	at org.testng.TestNG.runSuites(TestNG.java:1104)
	at org.testng.TestNG.run(TestNG.java:1076)
	at org.testng.remote.AbstractRemoteTestNG.run(AbstractRemoteTestNG.java:126)
	at org.testng.remote.RemoteTestNG.initAndRun(RemoteTestNG.java:152)
	at org.testng.remote.RemoteTestNG.main(RemoteTestNG.java:57)
]]>
    </failure>
  </testcase> <!-- @BeforeClass openBrowser -->
  <testcase classname="com.finovera.scripts.TestLoginPage" name="@BeforeMethod openApp" time="0.0">
    <skipped/>
  </testcase> <!-- @BeforeMethod openApp -->
  <testcase classname="com.finovera.scripts.TestLoginPage" name="@BeforeMethod openApp" time="0.0">
    <skipped/>
  </testcase> <!-- @BeforeMethod openApp -->
  <testcase classname="com.finovera.scripts.TestLoginPage" name="@BeforeMethod openApp" time="0.0">
    <skipped/>
  </testcase> <!-- @BeforeMethod openApp -->
  <testcase classname="com.finovera.scripts.TestLoginPage" name="@BeforeMethod openApp" time="0.0">
    <skipped/>
  </testcase> <!-- @BeforeMethod openApp -->
  <testcase classname="com.finovera.scripts.TestLoginPage" name="test_InvalidLoginPage" time="0.032">
    <skipped/>
  </testcase> <!-- test_InvalidLoginPage -->
  <testcase classname="com.finovera.scripts.TestLoginPage" name="test_InvalidLoginPage" time="0.016">
    <skipped/>
  </testcase> <!-- test_InvalidLoginPage -->
  <testcase classname="com.finovera.scripts.TestLoginPage" name="test_InvalidLoginPage" time="0.0">
    <skipped/>
  </testcase> <!-- test_InvalidLoginPage -->
  <testcase classname="com.finovera.scripts.TestLoginPage" name="test_ValidLoginPage" time="0.016">
    <skipped/>
  </testcase> <!-- test_ValidLoginPage -->
</testsuite> <!-- Default test -->
